[0.005s] Invoking command in '/home/lorenz/Documents/ros2_ws/build/my_package': CMAKE_PREFIX_PATH=${CMAKE_PREFIX_PATH}:/opt/ros/humble /usr/bin/cmake /home/lorenz/Documents/ros2_ws/src/my_package -DCMAKE_INSTALL_PREFIX=/home/lorenz/Documents/ros2_ws/install/my_package
[0.066s] -- The C compiler identification is GNU 11.4.0
[0.113s] -- The CXX compiler identification is GNU 11.4.0
[0.120s] -- Detecting C compiler ABI info
[0.163s] -- Detecting C compiler ABI info - done
[0.166s] -- Check for working C compiler: /usr/bin/cc - skipped
[0.166s] -- Detecting C compile features
[0.167s] -- Detecting C compile features - done
[0.169s] -- Detecting CXX compiler ABI info
[0.215s] -- Detecting CXX compiler ABI info - done
[0.219s] -- Check for working CXX compiler: /usr/bin/c++ - skipped
[0.219s] -- Detecting CXX compile features
[0.220s] -- Detecting CXX compile features - done
[0.222s] -- Found ament_cmake: 1.3.10 (/opt/ros/humble/share/ament_cmake/cmake)
[0.301s] -- Found Python3: /usr/bin/python3 (found version "3.10.12") found components: Interpreter 
[0.355s] -- Found ament_lint_auto: 0.12.11 (/opt/ros/humble/share/ament_lint_auto/cmake)
[0.398s] -- Added test 'lint_cmake' to check CMake code style
[0.399s] -- Added test 'xmllint' to check XML markup files
[0.400s] -- Configuring done
[0.402s] -- Generating done
[0.402s] -- Build files have been written to: /home/lorenz/Documents/ros2_ws/build/my_package
[0.406s] Invoked command in '/home/lorenz/Documents/ros2_ws/build/my_package' returned '0': CMAKE_PREFIX_PATH=${CMAKE_PREFIX_PATH}:/opt/ros/humble /usr/bin/cmake /home/lorenz/Documents/ros2_ws/src/my_package -DCMAKE_INSTALL_PREFIX=/home/lorenz/Documents/ros2_ws/install/my_package
[0.407s] Invoking command in '/home/lorenz/Documents/ros2_ws/build/my_package': CMAKE_PREFIX_PATH=${CMAKE_PREFIX_PATH}:/opt/ros/humble /usr/bin/cmake --build /home/lorenz/Documents/ros2_ws/build/my_package -- -j32 -l32
[0.429s] Invoked command in '/home/lorenz/Documents/ros2_ws/build/my_package' returned '0': CMAKE_PREFIX_PATH=${CMAKE_PREFIX_PATH}:/opt/ros/humble /usr/bin/cmake --build /home/lorenz/Documents/ros2_ws/build/my_package -- -j32 -l32
[0.448s] Invoking command in '/home/lorenz/Documents/ros2_ws/build/my_package': CMAKE_PREFIX_PATH=${CMAKE_PREFIX_PATH}:/opt/ros/humble /usr/bin/cmake --install /home/lorenz/Documents/ros2_ws/build/my_package
[0.452s] -- Install configuration: ""
[0.452s] -- Installing: /home/lorenz/Documents/ros2_ws/install/my_package/share/ament_index/resource_index/package_run_dependencies/my_package
[0.452s] -- Installing: /home/lorenz/Documents/ros2_ws/install/my_package/share/ament_index/resource_index/parent_prefix_path/my_package
[0.452s] -- Installing: /home/lorenz/Documents/ros2_ws/install/my_package/share/my_package/environment/ament_prefix_path.sh
[0.452s] -- Installing: /home/lorenz/Documents/ros2_ws/install/my_package/share/my_package/environment/ament_prefix_path.dsv
[0.452s] -- Installing: /home/lorenz/Documents/ros2_ws/install/my_package/share/my_package/environment/path.sh
[0.452s] -- Installing: /home/lorenz/Documents/ros2_ws/install/my_package/share/my_package/environment/path.dsv
[0.452s] -- Installing: /home/lorenz/Documents/ros2_ws/install/my_package/share/my_package/local_setup.bash
[0.452s] -- Installing: /home/lorenz/Documents/ros2_ws/install/my_package/share/my_package/local_setup.sh
[0.452s] -- Installing: /home/lorenz/Documents/ros2_ws/install/my_package/share/my_package/local_setup.zsh
[0.453s] -- Installing: /home/lorenz/Documents/ros2_ws/install/my_package/share/my_package/local_setup.dsv
[0.453s] -- Installing: /home/lorenz/Documents/ros2_ws/install/my_package/share/my_package/package.dsv
[0.453s] -- Installing: /home/lorenz/Documents/ros2_ws/install/my_package/share/ament_index/resource_index/packages/my_package
[0.453s] -- Installing: /home/lorenz/Documents/ros2_ws/install/my_package/share/my_package/cmake/my_packageConfig.cmake
[0.453s] -- Installing: /home/lorenz/Documents/ros2_ws/install/my_package/share/my_package/cmake/my_packageConfig-version.cmake
[0.453s] -- Installing: /home/lorenz/Documents/ros2_ws/install/my_package/share/my_package/package.xml
[0.454s] Invoked command in '/home/lorenz/Documents/ros2_ws/build/my_package' returned '0': CMAKE_PREFIX_PATH=${CMAKE_PREFIX_PATH}:/opt/ros/humble /usr/bin/cmake --install /home/lorenz/Documents/ros2_ws/build/my_package
