[0.051s] DEBUG:colcon:Command line arguments: ['/usr/bin/colcon', 'build', '--packages-select', 'cpp_pubsub']
[0.051s] DEBUG:colcon:Parsed command line arguments: Namespace(log_base=None, log_level=None, verb_name='build', build_base='build', install_base='install', merge_install=False, symlink_install=False, test_result_base=None, continue_on_error=False, executor='parallel', parallel_workers=32, event_handlers=None, ignore_user_meta=False, metas=['./colcon.meta'], base_paths=['.'], packages_ignore=None, packages_ignore_regex=None, paths=None, packages_up_to=None, packages_up_to_regex=None, packages_above=None, packages_above_and_dependencies=None, packages_above_depth=None, packages_select_by_dep=None, packages_skip_by_dep=None, packages_skip_up_to=None, packages_select_build_failed=False, packages_skip_build_finished=False, packages_select_test_failures=False, packages_skip_test_passed=False, packages_select=['cpp_pubsub'], packages_skip=None, packages_select_regex=None, packages_skip_regex=None, packages_start=None, packages_end=None, allow_overriding=[], cmake_args=None, cmake_target=None, cmake_target_skip_unavailable=False, cmake_clean_cache=False, cmake_clean_first=False, cmake_force_configure=False, ament_cmake_args=None, catkin_cmake_args=None, catkin_skip_building_tests=False, mixin_files=None, mixin=None, verb_parser=<colcon_mixin.mixin.mixin_argument.MixinArgumentDecorator object at 0x75b3dc411b10>, verb_extension=<colcon_core.verb.build.BuildVerb object at 0x75b3dc5ab1c0>, main=<bound method BuildVerb.main of <colcon_core.verb.build.BuildVerb object at 0x75b3dc5ab1c0>>, mixin_verb=('build',))
[0.122s] Level 1:colcon.colcon_core.package_discovery:discover_packages(colcon_meta) check parameters
[0.122s] Level 1:colcon.colcon_core.package_discovery:discover_packages(recursive) check parameters
[0.122s] Level 1:colcon.colcon_core.package_discovery:discover_packages(ignore) check parameters
[0.122s] Level 1:colcon.colcon_core.package_discovery:discover_packages(path) check parameters
[0.122s] Level 1:colcon.colcon_core.package_discovery:discover_packages(colcon_meta) discover
[0.122s] Level 1:colcon.colcon_core.package_discovery:discover_packages(recursive) discover
[0.122s] INFO:colcon.colcon_core.package_discovery:Crawling recursively for packages in '/home/lorenz/Documents/ros2_ws'
[0.122s] Level 1:colcon.colcon_core.package_identification:_identify(.) by extensions ['ignore', 'ignore_ament_install']
[0.122s] Level 1:colcon.colcon_core.package_identification:_identify(.) by extension 'ignore'
[0.122s] Level 1:colcon.colcon_core.package_identification:_identify(.) by extension 'ignore_ament_install'
[0.122s] Level 1:colcon.colcon_core.package_identification:_identify(.) by extensions ['colcon_pkg']
[0.122s] Level 1:colcon.colcon_core.package_identification:_identify(.) by extension 'colcon_pkg'
[0.122s] Level 1:colcon.colcon_core.package_identification:_identify(.) by extensions ['colcon_meta']
[0.122s] Level 1:colcon.colcon_core.package_identification:_identify(.) by extension 'colcon_meta'
[0.122s] Level 1:colcon.colcon_core.package_identification:_identify(.) by extensions ['ros']
[0.122s] Level 1:colcon.colcon_core.package_identification:_identify(.) by extension 'ros'
[0.128s] Level 1:colcon.colcon_core.package_identification:_identify(.) by extensions ['cmake', 'python']
[0.128s] Level 1:colcon.colcon_core.package_identification:_identify(.) by extension 'cmake'
[0.128s] Level 1:colcon.colcon_core.package_identification:_identify(.) by extension 'python'
[0.128s] Level 1:colcon.colcon_core.package_identification:_identify(.) by extensions ['python_setup_py']
[0.128s] Level 1:colcon.colcon_core.package_identification:_identify(.) by extension 'python_setup_py'
[0.128s] Level 1:colcon.colcon_core.package_identification:_identify(build) by extensions ['ignore', 'ignore_ament_install']
[0.128s] Level 1:colcon.colcon_core.package_identification:_identify(build) by extension 'ignore'
[0.128s] Level 1:colcon.colcon_core.package_identification:_identify(build) ignored
[0.128s] Level 1:colcon.colcon_core.package_identification:_identify(install) by extensions ['ignore', 'ignore_ament_install']
[0.128s] Level 1:colcon.colcon_core.package_identification:_identify(install) by extension 'ignore'
[0.128s] Level 1:colcon.colcon_core.package_identification:_identify(install) ignored
[0.128s] Level 1:colcon.colcon_core.package_identification:_identify(log) by extensions ['ignore', 'ignore_ament_install']
[0.128s] Level 1:colcon.colcon_core.package_identification:_identify(log) by extension 'ignore'
[0.128s] Level 1:colcon.colcon_core.package_identification:_identify(log) ignored
[0.128s] Level 1:colcon.colcon_core.package_identification:_identify(src) by extensions ['ignore', 'ignore_ament_install']
[0.128s] Level 1:colcon.colcon_core.package_identification:_identify(src) by extension 'ignore'
[0.128s] Level 1:colcon.colcon_core.package_identification:_identify(src) by extension 'ignore_ament_install'
[0.128s] Level 1:colcon.colcon_core.package_identification:_identify(src) by extensions ['colcon_pkg']
[0.128s] Level 1:colcon.colcon_core.package_identification:_identify(src) by extension 'colcon_pkg'
[0.128s] Level 1:colcon.colcon_core.package_identification:_identify(src) by extensions ['colcon_meta']
[0.128s] Level 1:colcon.colcon_core.package_identification:_identify(src) by extension 'colcon_meta'
[0.128s] Level 1:colcon.colcon_core.package_identification:_identify(src) by extensions ['ros']
[0.128s] Level 1:colcon.colcon_core.package_identification:_identify(src) by extension 'ros'
[0.128s] Level 1:colcon.colcon_core.package_identification:_identify(src) by extensions ['cmake', 'python']
[0.128s] Level 1:colcon.colcon_core.package_identification:_identify(src) by extension 'cmake'
[0.128s] Level 1:colcon.colcon_core.package_identification:_identify(src) by extension 'python'
[0.128s] Level 1:colcon.colcon_core.package_identification:_identify(src) by extensions ['python_setup_py']
[0.128s] Level 1:colcon.colcon_core.package_identification:_identify(src) by extension 'python_setup_py'
[0.128s] Level 1:colcon.colcon_core.package_identification:_identify(src/cpp_pubsub) by extensions ['ignore', 'ignore_ament_install']
[0.128s] Level 1:colcon.colcon_core.package_identification:_identify(src/cpp_pubsub) by extension 'ignore'
[0.128s] Level 1:colcon.colcon_core.package_identification:_identify(src/cpp_pubsub) by extension 'ignore_ament_install'
[0.128s] Level 1:colcon.colcon_core.package_identification:_identify(src/cpp_pubsub) by extensions ['colcon_pkg']
[0.128s] Level 1:colcon.colcon_core.package_identification:_identify(src/cpp_pubsub) by extension 'colcon_pkg'
[0.128s] Level 1:colcon.colcon_core.package_identification:_identify(src/cpp_pubsub) by extensions ['colcon_meta']
[0.128s] Level 1:colcon.colcon_core.package_identification:_identify(src/cpp_pubsub) by extension 'colcon_meta'
[0.128s] Level 1:colcon.colcon_core.package_identification:_identify(src/cpp_pubsub) by extensions ['ros']
[0.128s] Level 1:colcon.colcon_core.package_identification:_identify(src/cpp_pubsub) by extension 'ros'
[0.130s] DEBUG:colcon.colcon_core.package_identification:Package 'src/cpp_pubsub' with type 'ros.ament_cmake' and name 'cpp_pubsub'
[0.130s] Level 1:colcon.colcon_core.package_identification:_identify(src/temp) by extensions ['ignore', 'ignore_ament_install']
[0.130s] Level 1:colcon.colcon_core.package_identification:_identify(src/temp) by extension 'ignore'
[0.130s] Level 1:colcon.colcon_core.package_identification:_identify(src/temp) by extension 'ignore_ament_install'
[0.130s] Level 1:colcon.colcon_core.package_identification:_identify(src/temp) by extensions ['colcon_pkg']
[0.130s] Level 1:colcon.colcon_core.package_identification:_identify(src/temp) by extension 'colcon_pkg'
[0.130s] Level 1:colcon.colcon_core.package_identification:_identify(src/temp) by extensions ['colcon_meta']
[0.130s] Level 1:colcon.colcon_core.package_identification:_identify(src/temp) by extension 'colcon_meta'
[0.130s] Level 1:colcon.colcon_core.package_identification:_identify(src/temp) by extensions ['ros']
[0.130s] Level 1:colcon.colcon_core.package_identification:_identify(src/temp) by extension 'ros'
[0.130s] DEBUG:colcon.colcon_core.package_identification:Package 'src/temp' with type 'ros.ament_cmake' and name 'temp'
[0.130s] Level 1:colcon.colcon_core.package_identification:_identify(src/turtle_control) by extensions ['ignore', 'ignore_ament_install']
[0.130s] Level 1:colcon.colcon_core.package_identification:_identify(src/turtle_control) by extension 'ignore'
[0.131s] Level 1:colcon.colcon_core.package_identification:_identify(src/turtle_control) by extension 'ignore_ament_install'
[0.131s] Level 1:colcon.colcon_core.package_identification:_identify(src/turtle_control) by extensions ['colcon_pkg']
[0.131s] Level 1:colcon.colcon_core.package_identification:_identify(src/turtle_control) by extension 'colcon_pkg'
[0.131s] Level 1:colcon.colcon_core.package_identification:_identify(src/turtle_control) by extensions ['colcon_meta']
[0.131s] Level 1:colcon.colcon_core.package_identification:_identify(src/turtle_control) by extension 'colcon_meta'
[0.131s] Level 1:colcon.colcon_core.package_identification:_identify(src/turtle_control) by extensions ['ros']
[0.131s] Level 1:colcon.colcon_core.package_identification:_identify(src/turtle_control) by extension 'ros'
[0.131s] DEBUG:colcon.colcon_core.package_identification:Package 'src/turtle_control' with type 'ros.ament_cmake' and name 'turtle_control'
[0.131s] Level 1:colcon.colcon_core.package_discovery:discover_packages(recursive) using defaults
[0.131s] Level 1:colcon.colcon_core.package_discovery:discover_packages(ignore) discover
[0.131s] Level 1:colcon.colcon_core.package_discovery:discover_packages(ignore) using defaults
[0.131s] Level 1:colcon.colcon_core.package_discovery:discover_packages(path) discover
[0.131s] Level 1:colcon.colcon_core.package_discovery:discover_packages(path) using defaults
[0.140s] INFO:colcon.colcon_core.package_selection:Skipping not selected package 'temp' in 'src/temp'
[0.140s] INFO:colcon.colcon_core.package_selection:Skipping not selected package 'turtle_control' in 'src/turtle_control'
[0.140s] Level 1:colcon.colcon_core.package_discovery:discover_packages(prefix_path) check parameters
[0.140s] Level 1:colcon.colcon_core.package_discovery:discover_packages(prefix_path) discover
[0.145s] DEBUG:colcon.colcon_installed_package_information.package_discovery:Found 2 installed packages in /home/lorenz/Documents/ros2_ws/install
[0.146s] DEBUG:colcon.colcon_installed_package_information.package_discovery:Found 270 installed packages in /opt/ros/humble
[0.147s] Level 1:colcon.colcon_core.package_discovery:discover_packages(prefix_path) using defaults
[0.164s] Level 5:colcon.colcon_core.verb:set package 'cpp_pubsub' build argument 'cmake_args' from command line to 'None'
[0.164s] Level 5:colcon.colcon_core.verb:set package 'cpp_pubsub' build argument 'cmake_target' from command line to 'None'
[0.164s] Level 5:colcon.colcon_core.verb:set package 'cpp_pubsub' build argument 'cmake_target_skip_unavailable' from command line to 'False'
[0.164s] Level 5:colcon.colcon_core.verb:set package 'cpp_pubsub' build argument 'cmake_clean_cache' from command line to 'False'
[0.164s] Level 5:colcon.colcon_core.verb:set package 'cpp_pubsub' build argument 'cmake_clean_first' from command line to 'False'
[0.164s] Level 5:colcon.colcon_core.verb:set package 'cpp_pubsub' build argument 'cmake_force_configure' from command line to 'False'
[0.164s] Level 5:colcon.colcon_core.verb:set package 'cpp_pubsub' build argument 'ament_cmake_args' from command line to 'None'
[0.164s] Level 5:colcon.colcon_core.verb:set package 'cpp_pubsub' build argument 'catkin_cmake_args' from command line to 'None'
[0.164s] Level 5:colcon.colcon_core.verb:set package 'cpp_pubsub' build argument 'catkin_skip_building_tests' from command line to 'False'
[0.164s] DEBUG:colcon.colcon_core.verb:Building package 'cpp_pubsub' with the following arguments: {'ament_cmake_args': None, 'build_base': '/home/lorenz/Documents/ros2_ws/build/cpp_pubsub', 'catkin_cmake_args': None, 'catkin_skip_building_tests': False, 'cmake_args': None, 'cmake_clean_cache': False, 'cmake_clean_first': False, 'cmake_force_configure': False, 'cmake_target': None, 'cmake_target_skip_unavailable': False, 'install_base': '/home/lorenz/Documents/ros2_ws/install/cpp_pubsub', 'merge_install': False, 'path': '/home/lorenz/Documents/ros2_ws/src/cpp_pubsub', 'symlink_install': False, 'test_result_base': None}
[0.164s] INFO:colcon.colcon_core.executor:Executing jobs using 'parallel' executor
[0.165s] DEBUG:colcon.colcon_parallel_executor.executor.parallel:run_until_complete
[0.165s] INFO:colcon.colcon_ros.task.ament_cmake.build:Building ROS package in '/home/lorenz/Documents/ros2_ws/src/cpp_pubsub' with build type 'ament_cmake'
[0.165s] INFO:colcon.colcon_cmake.task.cmake.build:Building CMake package in '/home/lorenz/Documents/ros2_ws/src/cpp_pubsub'
[0.166s] INFO:colcon.colcon_core.plugin_system:Skipping extension 'colcon_core.shell.bat': Not used on non-Windows systems
[0.166s] INFO:colcon.colcon_core.shell:Skip shell extension 'powershell' for command environment: Not usable outside of PowerShell
[0.166s] DEBUG:colcon.colcon_core.shell:Skip shell extension 'dsv' for command environment
[0.170s] DEBUG:colcon.colcon_core.event_handler.log_command:Invoking command in '/home/lorenz/Documents/ros2_ws/build/cpp_pubsub': CMAKE_PREFIX_PATH=${CMAKE_PREFIX_PATH}:/opt/ros/humble /usr/bin/cmake /home/lorenz/Documents/ros2_ws/src/cpp_pubsub -DCMAKE_INSTALL_PREFIX=/home/lorenz/Documents/ros2_ws/install/cpp_pubsub
[0.842s] DEBUG:colcon.colcon_core.event_handler.log_command:Invoked command in '/home/lorenz/Documents/ros2_ws/build/cpp_pubsub' returned '0': CMAKE_PREFIX_PATH=${CMAKE_PREFIX_PATH}:/opt/ros/humble /usr/bin/cmake /home/lorenz/Documents/ros2_ws/src/cpp_pubsub -DCMAKE_INSTALL_PREFIX=/home/lorenz/Documents/ros2_ws/install/cpp_pubsub
[0.842s] DEBUG:colcon.colcon_core.event_handler.log_command:Invoking command in '/home/lorenz/Documents/ros2_ws/build/cpp_pubsub': CMAKE_PREFIX_PATH=${CMAKE_PREFIX_PATH}:/opt/ros/humble /usr/bin/cmake --build /home/lorenz/Documents/ros2_ws/build/cpp_pubsub -- -j32 -l32
[5.224s] DEBUG:colcon.colcon_core.event_handler.log_command:Invoked command in '/home/lorenz/Documents/ros2_ws/build/cpp_pubsub' returned '0': CMAKE_PREFIX_PATH=${CMAKE_PREFIX_PATH}:/opt/ros/humble /usr/bin/cmake --build /home/lorenz/Documents/ros2_ws/build/cpp_pubsub -- -j32 -l32
[5.245s] DEBUG:colcon.colcon_core.event_handler.log_command:Invoking command in '/home/lorenz/Documents/ros2_ws/build/cpp_pubsub': CMAKE_PREFIX_PATH=${CMAKE_PREFIX_PATH}:/opt/ros/humble /usr/bin/cmake --install /home/lorenz/Documents/ros2_ws/build/cpp_pubsub
[5.255s] Level 1:colcon.colcon_core.environment:create_environment_scripts_only(cpp_pubsub)
[5.255s] DEBUG:colcon.colcon_core.event_handler.log_command:Invoked command in '/home/lorenz/Documents/ros2_ws/build/cpp_pubsub' returned '0': CMAKE_PREFIX_PATH=${CMAKE_PREFIX_PATH}:/opt/ros/humble /usr/bin/cmake --install /home/lorenz/Documents/ros2_ws/build/cpp_pubsub
[5.256s] Level 1:colcon.colcon_core.environment:checking '/home/lorenz/Documents/ros2_ws/install/cpp_pubsub' for CMake module files
[5.256s] Level 1:colcon.colcon_core.environment:checking '/home/lorenz/Documents/ros2_ws/install/cpp_pubsub' for CMake config files
[5.256s] Level 1:colcon.colcon_core.shell:create_environment_hook('cpp_pubsub', 'cmake_prefix_path')
[5.256s] INFO:colcon.colcon_core.shell:Creating environment hook '/home/lorenz/Documents/ros2_ws/install/cpp_pubsub/share/cpp_pubsub/hook/cmake_prefix_path.ps1'
[5.257s] INFO:colcon.colcon_core.shell:Creating environment descriptor '/home/lorenz/Documents/ros2_ws/install/cpp_pubsub/share/cpp_pubsub/hook/cmake_prefix_path.dsv'
[5.257s] INFO:colcon.colcon_core.shell:Creating environment hook '/home/lorenz/Documents/ros2_ws/install/cpp_pubsub/share/cpp_pubsub/hook/cmake_prefix_path.sh'
[5.257s] Level 1:colcon.colcon_core.environment:checking '/home/lorenz/Documents/ros2_ws/install/cpp_pubsub/lib'
[5.258s] Level 1:colcon.colcon_core.environment:checking '/home/lorenz/Documents/ros2_ws/install/cpp_pubsub/bin'
[5.258s] Level 1:colcon.colcon_core.environment:checking '/home/lorenz/Documents/ros2_ws/install/cpp_pubsub/lib/pkgconfig/cpp_pubsub.pc'
[5.258s] Level 1:colcon.colcon_core.environment:checking '/home/lorenz/Documents/ros2_ws/install/cpp_pubsub/lib/python3.10/site-packages'
[5.258s] Level 1:colcon.colcon_core.environment:checking '/home/lorenz/Documents/ros2_ws/install/cpp_pubsub/bin'
[5.258s] INFO:colcon.colcon_core.shell:Creating package script '/home/lorenz/Documents/ros2_ws/install/cpp_pubsub/share/cpp_pubsub/package.ps1'
[5.258s] INFO:colcon.colcon_core.shell:Creating package descriptor '/home/lorenz/Documents/ros2_ws/install/cpp_pubsub/share/cpp_pubsub/package.dsv'
[5.258s] INFO:colcon.colcon_core.shell:Creating package script '/home/lorenz/Documents/ros2_ws/install/cpp_pubsub/share/cpp_pubsub/package.sh'
[5.259s] INFO:colcon.colcon_core.shell:Creating package script '/home/lorenz/Documents/ros2_ws/install/cpp_pubsub/share/cpp_pubsub/package.bash'
[5.259s] INFO:colcon.colcon_core.shell:Creating package script '/home/lorenz/Documents/ros2_ws/install/cpp_pubsub/share/cpp_pubsub/package.zsh'
[5.259s] Level 1:colcon.colcon_core.environment:create_file_with_runtime_dependencies(/home/lorenz/Documents/ros2_ws/install/cpp_pubsub/share/colcon-core/packages/cpp_pubsub)
[5.275s] Level 1:colcon.colcon_core.environment:create_environment_scripts_only(cpp_pubsub)
[5.275s] Level 1:colcon.colcon_core.environment:checking '/home/lorenz/Documents/ros2_ws/install/cpp_pubsub' for CMake module files
[5.276s] Level 1:colcon.colcon_core.environment:checking '/home/lorenz/Documents/ros2_ws/install/cpp_pubsub' for CMake config files
[5.276s] Level 1:colcon.colcon_core.shell:create_environment_hook('cpp_pubsub', 'cmake_prefix_path')
[5.276s] INFO:colcon.colcon_core.shell:Creating environment hook '/home/lorenz/Documents/ros2_ws/install/cpp_pubsub/share/cpp_pubsub/hook/cmake_prefix_path.ps1'
[5.276s] INFO:colcon.colcon_core.shell:Creating environment descriptor '/home/lorenz/Documents/ros2_ws/install/cpp_pubsub/share/cpp_pubsub/hook/cmake_prefix_path.dsv'
[5.276s] INFO:colcon.colcon_core.shell:Creating environment hook '/home/lorenz/Documents/ros2_ws/install/cpp_pubsub/share/cpp_pubsub/hook/cmake_prefix_path.sh'
[5.276s] Level 1:colcon.colcon_core.environment:checking '/home/lorenz/Documents/ros2_ws/install/cpp_pubsub/lib'
[5.276s] Level 1:colcon.colcon_core.environment:checking '/home/lorenz/Documents/ros2_ws/install/cpp_pubsub/bin'
[5.276s] Level 1:colcon.colcon_core.environment:checking '/home/lorenz/Documents/ros2_ws/install/cpp_pubsub/lib/pkgconfig/cpp_pubsub.pc'
[5.277s] Level 1:colcon.colcon_core.environment:checking '/home/lorenz/Documents/ros2_ws/install/cpp_pubsub/lib/python3.10/site-packages'
[5.277s] Level 1:colcon.colcon_core.environment:checking '/home/lorenz/Documents/ros2_ws/install/cpp_pubsub/bin'
[5.277s] INFO:colcon.colcon_core.shell:Creating package script '/home/lorenz/Documents/ros2_ws/install/cpp_pubsub/share/cpp_pubsub/package.ps1'
[5.277s] INFO:colcon.colcon_core.shell:Creating package descriptor '/home/lorenz/Documents/ros2_ws/install/cpp_pubsub/share/cpp_pubsub/package.dsv'
[5.277s] INFO:colcon.colcon_core.shell:Creating package script '/home/lorenz/Documents/ros2_ws/install/cpp_pubsub/share/cpp_pubsub/package.sh'
[5.278s] INFO:colcon.colcon_core.shell:Creating package script '/home/lorenz/Documents/ros2_ws/install/cpp_pubsub/share/cpp_pubsub/package.bash'
[5.278s] INFO:colcon.colcon_core.shell:Creating package script '/home/lorenz/Documents/ros2_ws/install/cpp_pubsub/share/cpp_pubsub/package.zsh'
[5.278s] Level 1:colcon.colcon_core.environment:create_file_with_runtime_dependencies(/home/lorenz/Documents/ros2_ws/install/cpp_pubsub/share/colcon-core/packages/cpp_pubsub)
[5.278s] DEBUG:colcon.colcon_parallel_executor.executor.parallel:closing loop
[5.278s] DEBUG:colcon.colcon_parallel_executor.executor.parallel:loop closed
[5.278s] DEBUG:colcon.colcon_parallel_executor.executor.parallel:run_until_complete finished with '0'
[5.278s] DEBUG:colcon.colcon_core.event_reactor:joining thread
[5.282s] INFO:colcon.colcon_core.plugin_system:Skipping extension 'colcon_notification.desktop_notification.terminal_notifier': Not used on non-Darwin systems
[5.282s] INFO:colcon.colcon_core.plugin_system:Skipping extension 'colcon_notification.desktop_notification.win32': Not used on non-Windows systems
[5.282s] INFO:colcon.colcon_notification.desktop_notification:Sending desktop notification using 'notify2'
[5.288s] DEBUG:colcon.colcon_core.event_reactor:joined thread
[5.289s] INFO:colcon.colcon_core.shell:Creating prefix script '/home/lorenz/Documents/ros2_ws/install/local_setup.ps1'
[5.289s] INFO:colcon.colcon_core.shell:Creating prefix util module '/home/lorenz/Documents/ros2_ws/install/_local_setup_util_ps1.py'
[5.290s] INFO:colcon.colcon_core.shell:Creating prefix chain script '/home/lorenz/Documents/ros2_ws/install/setup.ps1'
[5.290s] INFO:colcon.colcon_core.shell:Creating prefix script '/home/lorenz/Documents/ros2_ws/install/local_setup.sh'
[5.290s] INFO:colcon.colcon_core.shell:Creating prefix util module '/home/lorenz/Documents/ros2_ws/install/_local_setup_util_sh.py'
[5.291s] INFO:colcon.colcon_core.shell:Creating prefix chain script '/home/lorenz/Documents/ros2_ws/install/setup.sh'
[5.291s] INFO:colcon.colcon_core.shell:Creating prefix script '/home/lorenz/Documents/ros2_ws/install/local_setup.bash'
[5.291s] INFO:colcon.colcon_core.shell:Creating prefix chain script '/home/lorenz/Documents/ros2_ws/install/setup.bash'
[5.292s] INFO:colcon.colcon_core.shell:Creating prefix script '/home/lorenz/Documents/ros2_ws/install/local_setup.zsh'
[5.292s] INFO:colcon.colcon_core.shell:Creating prefix chain script '/home/lorenz/Documents/ros2_ws/install/setup.zsh'
