-- The C compiler identification is GNU 11.4.0
-- The CXX compiler identification is GNU 11.4.0
-- Detecting C compiler ABI info
-- Detecting C compiler ABI info - done
-- Check for working C compiler: /usr/bin/cc - skipped
-- Detecting C compile features
-- Detecting C compile features - done
-- Detecting CXX compiler ABI info
-- Detecting CXX compiler ABI info - done
-- Check for working CXX compiler: /usr/bin/c++ - skipped
-- Detecting CXX compile features
-- Detecting CXX compile features - done
-- Found ament_cmake: 1.3.10 (/opt/ros/humble/share/ament_cmake/cmake)
-- Found Python3: /usr/bin/python3 (found version "3.10.12") found components: Interpreter 
-- Found rclcpp: 16.0.10 (/opt/ros/humble/share/rclcpp/cmake)
-- Found rosidl_generator_c: 3.1.5 (/opt/ros/humble/share/rosidl_generator_c/cmake)
-- Found rosidl_adapter: 3.1.5 (/opt/ros/humble/share/rosidl_adapter/cmake)
-- Found rosidl_generator_cpp: 3.1.5 (/opt/ros/humble/share/rosidl_generator_cpp/cmake)
-- Using all available rosidl_typesupport_c: rosidl_typesupport_fastrtps_c;rosidl_typesupport_introspection_c
-- Using all available rosidl_typesupport_cpp: rosidl_typesupport_fastrtps_cpp;rosidl_typesupport_introspection_cpp
-- Found rmw_implementation_cmake: 6.1.2 (/opt/ros/humble/share/rmw_implementation_cmake/cmake)
-- Found rmw_fastrtps_cpp: 6.2.7 (/opt/ros/humble/share/rmw_fastrtps_cpp/cmake)
-- Found OpenSSL: /usr/lib/x86_64-linux-gnu/libcrypto.so (found version "3.0.2")  
-- Found FastRTPS: /opt/ros/humble/include  
-- Using RMW implementation 'rmw_fastrtps_cpp' as default
-- Looking for pthread.h
-- Looking for pthread.h - found
-- Performing Test CMAKE_HAVE_LIBC_PTHREAD
-- Performing Test CMAKE_HAVE_LIBC_PTHREAD - Success
-- Found Threads: TRUE  
-- Found geometry_msgs: 4.2.4 (/opt/ros/humble/share/geometry_msgs/cmake)
-- Found sensor_msgs: 4.2.4 (/opt/ros/humble/share/sensor_msgs/cmake)
-- Found ament_lint_auto: 0.12.11 (/opt/ros/humble/share/ament_lint_auto/cmake)
-- Added test 'cppcheck' to perform static code analysis on C / C++ code
-- Configured cppcheck include dirs: 
-- Configured cppcheck exclude dirs and/or files: 
-- Added test 'flake8' to check Python code syntax and style conventions
-- Added test 'lint_cmake' to check CMake code style
-- Added test 'pep257' to check Python code against some of the docstring style conventions in PEP 257
-- Added test 'uncrustify' to check C / C++ code style
-- Configured uncrustify additional arguments: 
-- Added test 'xmllint' to check XML markup files
-- Configuring done
-- Generating done
-- Build files have been written to: /home/lorenz/Documents/ros2_ws/build/turtle_control
[ 25%] [32mBuilding CXX object CMakeFiles/turtle_joy.dir/src/turtle_joy.cpp.o[0m
[ 50%] [32mBuilding CXX object CMakeFiles/turtle_publisher.dir/src/turtle_publisher.cpp.o[0m
[ 75%] [32m[1mLinking CXX executable turtle_publisher[0m
[ 75%] Built target turtle_publisher
[100%] [32m[1mLinking CXX executable turtle_joy[0m
[100%] Built target turtle_joy
-- Install configuration: ""
-- Installing: /home/lorenz/Documents/ros2_ws/install/turtle_control/share/turtle_control/launch
-- Installing: /home/lorenz/Documents/ros2_ws/install/turtle_control/share/turtle_control/launch/__pycache__
-- Installing: /home/lorenz/Documents/ros2_ws/install/turtle_control/share/turtle_control/launch/__pycache__/turtlesim_joy_launch.cpython-310.pyc
-- Installing: /home/lorenz/Documents/ros2_ws/install/turtle_control/share/turtle_control/launch/turtlesim_joy_launch.py
-- Installing: /home/lorenz/Documents/ros2_ws/install/turtle_control/share/turtle_control/config
-- Installing: /home/lorenz/Documents/ros2_ws/install/turtle_control/share/turtle_control/config/params.yaml
-- Installing: /home/lorenz/Documents/ros2_ws/install/turtle_control/lib/turtle_control/turtle_publisher
-- Set runtime path of "/home/lorenz/Documents/ros2_ws/install/turtle_control/lib/turtle_control/turtle_publisher" to ""
-- Installing: /home/lorenz/Documents/ros2_ws/install/turtle_control/lib/turtle_control/turtle_joy
-- Set runtime path of "/home/lorenz/Documents/ros2_ws/install/turtle_control/lib/turtle_control/turtle_joy" to ""
-- Installing: /home/lorenz/Documents/ros2_ws/install/turtle_control/share/ament_index/resource_index/package_run_dependencies/turtle_control
-- Installing: /home/lorenz/Documents/ros2_ws/install/turtle_control/share/ament_index/resource_index/parent_prefix_path/turtle_control
-- Installing: /home/lorenz/Documents/ros2_ws/install/turtle_control/share/turtle_control/environment/ament_prefix_path.sh
-- Installing: /home/lorenz/Documents/ros2_ws/install/turtle_control/share/turtle_control/environment/ament_prefix_path.dsv
-- Installing: /home/lorenz/Documents/ros2_ws/install/turtle_control/share/turtle_control/environment/path.sh
-- Installing: /home/lorenz/Documents/ros2_ws/install/turtle_control/share/turtle_control/environment/path.dsv
-- Installing: /home/lorenz/Documents/ros2_ws/install/turtle_control/share/turtle_control/local_setup.bash
-- Installing: /home/lorenz/Documents/ros2_ws/install/turtle_control/share/turtle_control/local_setup.sh
-- Installing: /home/lorenz/Documents/ros2_ws/install/turtle_control/share/turtle_control/local_setup.zsh
-- Installing: /home/lorenz/Documents/ros2_ws/install/turtle_control/share/turtle_control/local_setup.dsv
-- Installing: /home/lorenz/Documents/ros2_ws/install/turtle_control/share/turtle_control/package.dsv
-- Installing: /home/lorenz/Documents/ros2_ws/install/turtle_control/share/ament_index/resource_index/packages/turtle_control
-- Installing: /home/lorenz/Documents/ros2_ws/install/turtle_control/share/turtle_control/cmake/turtle_controlConfig.cmake
-- Installing: /home/lorenz/Documents/ros2_ws/install/turtle_control/share/turtle_control/cmake/turtle_controlConfig-version.cmake
-- Installing: /home/lorenz/Documents/ros2_ws/install/turtle_control/share/turtle_control/package.xml
