[0.005s] Invoking command in '/home/lorenz/Documents/ros2_ws/build/turtle_control': CMAKE_PREFIX_PATH=/opt/ros/humble /usr/bin/cmake /home/lorenz/Documents/ros2_ws/src/turtle_control -DCMAKE_INSTALL_PREFIX=/home/lorenz/Documents/ros2_ws/install/turtle_control
[0.044s] -- The C compiler identification is GNU 11.4.0
[0.075s] -- The CXX compiler identification is GNU 11.4.0
[0.079s] -- Detecting C compiler ABI info
[0.121s] -- Detecting C compiler ABI info - done
[0.125s] -- Check for working C compiler: /usr/bin/cc - skipped
[0.125s] -- Detecting C compile features
[0.125s] -- Detecting C compile features - done
[0.127s] -- Detecting CXX compiler ABI info
[0.173s] -- Detecting CXX compiler ABI info - done
[0.177s] -- Check for working CXX compiler: /usr/bin/c++ - skipped
[0.177s] -- Detecting CXX compile features
[0.177s] -- Detecting CXX compile features - done
[0.178s] -- Found ament_cmake: 1.3.10 (/opt/ros/humble/share/ament_cmake/cmake)
[0.258s] -- Found Python3: /usr/bin/python3 (found version "3.10.12") found components: Interpreter 
[0.301s] -- Found rclcpp: 16.0.10 (/opt/ros/humble/share/rclcpp/cmake)
[0.320s] -- Found rosidl_generator_c: 3.1.5 (/opt/ros/humble/share/rosidl_generator_c/cmake)
[0.322s] -- Found rosidl_adapter: 3.1.5 (/opt/ros/humble/share/rosidl_adapter/cmake)
[0.326s] -- Found rosidl_generator_cpp: 3.1.5 (/opt/ros/humble/share/rosidl_generator_cpp/cmake)
[0.332s] -- Using all available rosidl_typesupport_c: rosidl_typesupport_fastrtps_c;rosidl_typesupport_introspection_c
[0.340s] -- Using all available rosidl_typesupport_cpp: rosidl_typesupport_fastrtps_cpp;rosidl_typesupport_introspection_cpp
[0.360s] -- Found rmw_implementation_cmake: 6.1.2 (/opt/ros/humble/share/rmw_implementation_cmake/cmake)
[0.361s] -- Found rmw_fastrtps_cpp: 6.2.7 (/opt/ros/humble/share/rmw_fastrtps_cpp/cmake)
[0.418s] -- Found OpenSSL: /usr/lib/x86_64-linux-gnu/libcrypto.so (found version "3.0.2")  
[0.433s] -- Found FastRTPS: /opt/ros/humble/include  
[0.456s] -- Using RMW implementation 'rmw_fastrtps_cpp' as default
[0.459s] -- Looking for pthread.h
[0.511s] -- Looking for pthread.h - found
[0.511s] -- Performing Test CMAKE_HAVE_LIBC_PTHREAD
[0.553s] -- Performing Test CMAKE_HAVE_LIBC_PTHREAD - Success
[0.554s] -- Found Threads: TRUE  
[0.579s] -- Found geometry_msgs: 4.2.4 (/opt/ros/humble/share/geometry_msgs/cmake)
[0.586s] -- Found sensor_msgs: 4.2.4 (/opt/ros/humble/share/sensor_msgs/cmake)
[0.596s] -- Found ament_lint_auto: 0.12.11 (/opt/ros/humble/share/ament_lint_auto/cmake)
[0.633s] -- Added test 'cppcheck' to perform static code analysis on C / C++ code
[0.633s] -- Configured cppcheck include dirs: 
[0.633s] -- Configured cppcheck exclude dirs and/or files: 
[0.633s] -- Added test 'flake8' to check Python code syntax and style conventions
[0.634s] -- Added test 'lint_cmake' to check CMake code style
[0.634s] -- Added test 'pep257' to check Python code against some of the docstring style conventions in PEP 257
[0.635s] -- Added test 'uncrustify' to check C / C++ code style
[0.635s] -- Configured uncrustify additional arguments: 
[0.635s] -- Added test 'xmllint' to check XML markup files
[0.636s] -- Configuring done
[0.642s] -- Generating done
[0.643s] -- Build files have been written to: /home/lorenz/Documents/ros2_ws/build/turtle_control
[0.649s] Invoked command in '/home/lorenz/Documents/ros2_ws/build/turtle_control' returned '0': CMAKE_PREFIX_PATH=/opt/ros/humble /usr/bin/cmake /home/lorenz/Documents/ros2_ws/src/turtle_control -DCMAKE_INSTALL_PREFIX=/home/lorenz/Documents/ros2_ws/install/turtle_control
[0.650s] Invoking command in '/home/lorenz/Documents/ros2_ws/build/turtle_control': CMAKE_PREFIX_PATH=/opt/ros/humble /usr/bin/cmake --build /home/lorenz/Documents/ros2_ws/build/turtle_control -- -j32 -l32
[0.680s] [ 25%] [32mBuilding CXX object CMakeFiles/turtle_joy.dir/src/turtle_joy.cpp.o[0m
[0.681s] [ 50%] [32mBuilding CXX object CMakeFiles/turtle_publisher.dir/src/turtle_publisher.cpp.o[0m
[2.775s] [ 75%] [32m[1mLinking CXX executable turtle_publisher[0m
[2.866s] [ 75%] Built target turtle_publisher
[5.035s] [100%] [32m[1mLinking CXX executable turtle_joy[0m
[5.238s] [100%] Built target turtle_joy
[5.245s] Invoked command in '/home/lorenz/Documents/ros2_ws/build/turtle_control' returned '0': CMAKE_PREFIX_PATH=/opt/ros/humble /usr/bin/cmake --build /home/lorenz/Documents/ros2_ws/build/turtle_control -- -j32 -l32
[5.267s] Invoking command in '/home/lorenz/Documents/ros2_ws/build/turtle_control': CMAKE_PREFIX_PATH=/opt/ros/humble /usr/bin/cmake --install /home/lorenz/Documents/ros2_ws/build/turtle_control
[5.271s] -- Install configuration: ""
[5.271s] -- Installing: /home/lorenz/Documents/ros2_ws/install/turtle_control/share/turtle_control/launch
[5.271s] -- Installing: /home/lorenz/Documents/ros2_ws/install/turtle_control/share/turtle_control/launch/__pycache__
[5.271s] -- Installing: /home/lorenz/Documents/ros2_ws/install/turtle_control/share/turtle_control/launch/__pycache__/turtlesim_joy_launch.cpython-310.pyc
[5.271s] -- Installing: /home/lorenz/Documents/ros2_ws/install/turtle_control/share/turtle_control/launch/turtlesim_joy_launch.py
[5.271s] -- Installing: /home/lorenz/Documents/ros2_ws/install/turtle_control/share/turtle_control/config
[5.271s] -- Installing: /home/lorenz/Documents/ros2_ws/install/turtle_control/share/turtle_control/config/params.yaml
[5.271s] -- Installing: /home/lorenz/Documents/ros2_ws/install/turtle_control/lib/turtle_control/turtle_publisher
[5.272s] -- Set runtime path of "/home/lorenz/Documents/ros2_ws/install/turtle_control/lib/turtle_control/turtle_publisher" to ""
[5.272s] -- Installing: /home/lorenz/Documents/ros2_ws/install/turtle_control/lib/turtle_control/turtle_joy
[5.275s] -- Set runtime path of "/home/lorenz/Documents/ros2_ws/install/turtle_control/lib/turtle_control/turtle_joy" to ""
[5.275s] -- Installing: /home/lorenz/Documents/ros2_ws/install/turtle_control/share/ament_index/resource_index/package_run_dependencies/turtle_control
[5.275s] -- Installing: /home/lorenz/Documents/ros2_ws/install/turtle_control/share/ament_index/resource_index/parent_prefix_path/turtle_control
[5.275s] -- Installing: /home/lorenz/Documents/ros2_ws/install/turtle_control/share/turtle_control/environment/ament_prefix_path.sh
[5.275s] -- Installing: /home/lorenz/Documents/ros2_ws/install/turtle_control/share/turtle_control/environment/ament_prefix_path.dsv
[5.275s] -- Installing: /home/lorenz/Documents/ros2_ws/install/turtle_control/share/turtle_control/environment/path.sh
[5.275s] -- Installing: /home/lorenz/Documents/ros2_ws/install/turtle_control/share/turtle_control/environment/path.dsv
[5.275s] -- Installing: /home/lorenz/Documents/ros2_ws/install/turtle_control/share/turtle_control/local_setup.bash
[5.275s] -- Installing: /home/lorenz/Documents/ros2_ws/install/turtle_control/share/turtle_control/local_setup.sh
[5.276s] -- Installing: /home/lorenz/Documents/ros2_ws/install/turtle_control/share/turtle_control/local_setup.zsh
[5.276s] -- Installing: /home/lorenz/Documents/ros2_ws/install/turtle_control/share/turtle_control/local_setup.dsv
[5.276s] -- Installing: /home/lorenz/Documents/ros2_ws/install/turtle_control/share/turtle_control/package.dsv
[5.276s] -- Installing: /home/lorenz/Documents/ros2_ws/install/turtle_control/share/ament_index/resource_index/packages/turtle_control
[5.276s] -- Installing: /home/lorenz/Documents/ros2_ws/install/turtle_control/share/turtle_control/cmake/turtle_controlConfig.cmake
[5.276s] -- Installing: /home/lorenz/Documents/ros2_ws/install/turtle_control/share/turtle_control/cmake/turtle_controlConfig-version.cmake
[5.276s] -- Installing: /home/lorenz/Documents/ros2_ws/install/turtle_control/share/turtle_control/package.xml
[5.277s] Invoked command in '/home/lorenz/Documents/ros2_ws/build/turtle_control' returned '0': CMAKE_PREFIX_PATH=/opt/ros/humble /usr/bin/cmake --install /home/lorenz/Documents/ros2_ws/build/turtle_control
