[0.005s] Invoking command in '/home/lorenz/Documents/ros2_ws/build/cpp_pubsub': CMAKE_PREFIX_PATH=${CMAKE_PREFIX_PATH}:/opt/ros/humble /usr/bin/cmake /home/lorenz/Documents/ros2_ws/src/cpp_pubsub -DCMAKE_INSTALL_PREFIX=/home/lorenz/Documents/ros2_ws/install/cpp_pubsub
[0.037s] -- The C compiler identification is GNU 11.4.0
[0.069s] -- The CXX compiler identification is GNU 11.4.0
[0.073s] -- Detecting C compiler ABI info
[0.113s] -- Detecting C compiler ABI info - done
[0.116s] -- Check for working C compiler: /usr/bin/cc - skipped
[0.116s] -- Detecting C compile features
[0.116s] -- Detecting C compile features - done
[0.118s] -- Detecting CXX compiler ABI info
[0.163s] -- Detecting CXX compiler ABI info - done
[0.166s] -- Check for working CXX compiler: /usr/bin/c++ - skipped
[0.167s] -- Detecting CXX compile features
[0.167s] -- Detecting CXX compile features - done
[0.168s] -- Found ament_cmake: 1.3.10 (/opt/ros/humble/share/ament_cmake/cmake)
[0.245s] -- Found Python3: /usr/bin/python3 (found version "3.10.12") found components: Interpreter 
[0.288s] -- Found rclcpp: 16.0.10 (/opt/ros/humble/share/rclcpp/cmake)
[0.323s] -- Found rosidl_generator_c: 3.1.5 (/opt/ros/humble/share/rosidl_generator_c/cmake)
[0.326s] -- Found rosidl_adapter: 3.1.5 (/opt/ros/humble/share/rosidl_adapter/cmake)
[0.332s] -- Found rosidl_generator_cpp: 3.1.5 (/opt/ros/humble/share/rosidl_generator_cpp/cmake)
[0.342s] -- Using all available rosidl_typesupport_c: rosidl_typesupport_fastrtps_c;rosidl_typesupport_introspection_c
[0.353s] -- Using all available rosidl_typesupport_cpp: rosidl_typesupport_fastrtps_cpp;rosidl_typesupport_introspection_cpp
[0.383s] -- Found rmw_implementation_cmake: 6.1.2 (/opt/ros/humble/share/rmw_implementation_cmake/cmake)
[0.385s] -- Found rmw_fastrtps_cpp: 6.2.7 (/opt/ros/humble/share/rmw_fastrtps_cpp/cmake)
[0.449s] -- Found OpenSSL: /usr/lib/x86_64-linux-gnu/libcrypto.so (found version "3.0.2")  
[0.464s] -- Found FastRTPS: /opt/ros/humble/include  
[0.487s] -- Using RMW implementation 'rmw_fastrtps_cpp' as default
[0.493s] -- Looking for pthread.h
[0.541s] -- Looking for pthread.h - found
[0.542s] -- Performing Test CMAKE_HAVE_LIBC_PTHREAD
[0.583s] -- Performing Test CMAKE_HAVE_LIBC_PTHREAD - Success
[0.584s] -- Found Threads: TRUE  
[0.623s] -- Found ament_lint_auto: 0.12.11 (/opt/ros/humble/share/ament_lint_auto/cmake)
[0.660s] -- Added test 'cppcheck' to perform static code analysis on C / C++ code
[0.660s] -- Configured cppcheck include dirs: 
[0.661s] -- Configured cppcheck exclude dirs and/or files: 
[0.661s] -- Added test 'lint_cmake' to check CMake code style
[0.661s] -- Added test 'uncrustify' to check C / C++ code style
[0.661s] -- Configured uncrustify additional arguments: 
[0.662s] -- Added test 'xmllint' to check XML markup files
[0.662s] -- Configuring done
[0.669s] -- Generating done
[0.669s] -- Build files have been written to: /home/lorenz/Documents/ros2_ws/build/cpp_pubsub
[0.676s] Invoked command in '/home/lorenz/Documents/ros2_ws/build/cpp_pubsub' returned '0': CMAKE_PREFIX_PATH=${CMAKE_PREFIX_PATH}:/opt/ros/humble /usr/bin/cmake /home/lorenz/Documents/ros2_ws/src/cpp_pubsub -DCMAKE_INSTALL_PREFIX=/home/lorenz/Documents/ros2_ws/install/cpp_pubsub
[0.677s] Invoking command in '/home/lorenz/Documents/ros2_ws/build/cpp_pubsub': CMAKE_PREFIX_PATH=${CMAKE_PREFIX_PATH}:/opt/ros/humble /usr/bin/cmake --build /home/lorenz/Documents/ros2_ws/build/cpp_pubsub -- -j32 -l32
[0.705s] [ 25%] [32mBuilding CXX object CMakeFiles/talker.dir/src/publisher_member_function.cpp.o[0m
[0.705s] [ 50%] [32mBuilding CXX object CMakeFiles/listener.dir/src/subscriber_member_function.cpp.o[0m
[2.831s] [ 75%] [32m[1mLinking CXX executable talker[0m
[2.935s] [ 75%] Built target talker
[4.875s] [100%] [32m[1mLinking CXX executable listener[0m
[5.051s] [100%] Built target listener
[5.059s] Invoked command in '/home/lorenz/Documents/ros2_ws/build/cpp_pubsub' returned '0': CMAKE_PREFIX_PATH=${CMAKE_PREFIX_PATH}:/opt/ros/humble /usr/bin/cmake --build /home/lorenz/Documents/ros2_ws/build/cpp_pubsub -- -j32 -l32
[5.080s] Invoking command in '/home/lorenz/Documents/ros2_ws/build/cpp_pubsub': CMAKE_PREFIX_PATH=${CMAKE_PREFIX_PATH}:/opt/ros/humble /usr/bin/cmake --install /home/lorenz/Documents/ros2_ws/build/cpp_pubsub
[5.084s] -- Install configuration: ""
[5.084s] -- Installing: /home/lorenz/Documents/ros2_ws/install/cpp_pubsub/lib/cpp_pubsub/talker
[5.085s] -- Set runtime path of "/home/lorenz/Documents/ros2_ws/install/cpp_pubsub/lib/cpp_pubsub/talker" to ""
[5.085s] -- Installing: /home/lorenz/Documents/ros2_ws/install/cpp_pubsub/lib/cpp_pubsub/listener
[5.087s] -- Set runtime path of "/home/lorenz/Documents/ros2_ws/install/cpp_pubsub/lib/cpp_pubsub/listener" to ""
[5.087s] -- Installing: /home/lorenz/Documents/ros2_ws/install/cpp_pubsub/share/ament_index/resource_index/package_run_dependencies/cpp_pubsub
[5.087s] -- Installing: /home/lorenz/Documents/ros2_ws/install/cpp_pubsub/share/ament_index/resource_index/parent_prefix_path/cpp_pubsub
[5.087s] -- Installing: /home/lorenz/Documents/ros2_ws/install/cpp_pubsub/share/cpp_pubsub/environment/ament_prefix_path.sh
[5.087s] -- Installing: /home/lorenz/Documents/ros2_ws/install/cpp_pubsub/share/cpp_pubsub/environment/ament_prefix_path.dsv
[5.088s] -- Installing: /home/lorenz/Documents/ros2_ws/install/cpp_pubsub/share/cpp_pubsub/environment/path.sh
[5.088s] -- Installing: /home/lorenz/Documents/ros2_ws/install/cpp_pubsub/share/cpp_pubsub/environment/path.dsv
[5.088s] -- Installing: /home/lorenz/Documents/ros2_ws/install/cpp_pubsub/share/cpp_pubsub/local_setup.bash
[5.088s] -- Installing: /home/lorenz/Documents/ros2_ws/install/cpp_pubsub/share/cpp_pubsub/local_setup.sh
[5.088s] -- Installing: /home/lorenz/Documents/ros2_ws/install/cpp_pubsub/share/cpp_pubsub/local_setup.zsh
[5.088s] -- Installing: /home/lorenz/Documents/ros2_ws/install/cpp_pubsub/share/cpp_pubsub/local_setup.dsv
[5.088s] -- Installing: /home/lorenz/Documents/ros2_ws/install/cpp_pubsub/share/cpp_pubsub/package.dsv
[5.088s] -- Installing: /home/lorenz/Documents/ros2_ws/install/cpp_pubsub/share/ament_index/resource_index/packages/cpp_pubsub
[5.088s] -- Installing: /home/lorenz/Documents/ros2_ws/install/cpp_pubsub/share/cpp_pubsub/cmake/cpp_pubsubConfig.cmake
[5.088s] -- Installing: /home/lorenz/Documents/ros2_ws/install/cpp_pubsub/share/cpp_pubsub/cmake/cpp_pubsubConfig-version.cmake
[5.088s] -- Installing: /home/lorenz/Documents/ros2_ws/install/cpp_pubsub/share/cpp_pubsub/package.xml
[5.090s] Invoked command in '/home/lorenz/Documents/ros2_ws/build/cpp_pubsub' returned '0': CMAKE_PREFIX_PATH=${CMAKE_PREFIX_PATH}:/opt/ros/humble /usr/bin/cmake --install /home/lorenz/Documents/ros2_ws/build/cpp_pubsub
